<?xml version="1.0" encoding="utf-8"?><testsuites name="pytest tests"><testsuite name="pytest" errors="0" failures="0" skipped="0" tests="15" time="4.733" timestamp="2026-01-14T01:52:12.821703+00:00" hostname="agent-env-784e9050-06aa-44d7-9bbd-d0586c1ffa5e"><testcase classname="tests.test_neurovendas_api.TestHealthCheck" name="test_health_endpoint" time="0.060" /><testcase classname="tests.test_neurovendas_api.TestAuthentication" name="test_login_success" time="0.277" /><testcase classname="tests.test_neurovendas_api.TestAuthentication" name="test_login_invalid_credentials" time="0.077" /><testcase classname="tests.test_neurovendas_api.TestAuthentication" name="test_get_current_user" time="0.307" /><testcase classname="tests.test_neurovendas_api.TestAuthentication" name="test_get_current_user_no_token" time="0.037" /><testcase classname="tests.test_neurovendas_api.TestDashboard" name="test_dashboard_stats" time="0.309" /><testcase classname="tests.test_neurovendas_api.TestDiagnosis" name="test_diagnosis_status" time="0.318" /><testcase classname="tests.test_neurovendas_api.TestLeads" name="test_get_leads" time="0.310" /><testcase classname="tests.test_neurovendas_api.TestLeads" name="test_create_and_delete_lead" time="0.378" /><testcase classname="tests.test_neurovendas_api.TestBrandIdentity" name="test_get_brand_identity" time="0.310" /><testcase classname="tests.test_neurovendas_api.TestBiblioteca" name="test_get_prompts" time="0.308" /><testcase classname="tests.test_neurovendas_api.TestCalendario" name="test_get_calendar_events" time="0.304" /><testcase classname="tests.test_neurovendas_api.TestAIFeatures" name="test_ai_chat_endpoint_exists" time="1.616" /><testcase classname="tests.test_neurovendas_api.TestLegalEndpoints" name="test_get_terms" time="0.037" /><testcase classname="tests.test_neurovendas_api.TestLegalEndpoints" name="test_get_privacy" time="0.032" /></testsuite></testsuites>