<?xml version="1.0" encoding="utf-8"?><testsuites name="pytest tests"><testsuite name="pytest" errors="0" failures="0" skipped="0" tests="9" time="78.786" timestamp="2026-01-14T13:50:27.308334+00:00" hostname="agent-env-b82917c5-3edf-4ff8-b7de-aacaf6c2fe11"><testcase classname="tests.test_diagnostico_visual.TestLoginEndpoint" name="test_login_success" time="0.327" /><testcase classname="tests.test_diagnostico_visual.TestLoginEndpoint" name="test_login_invalid_credentials" time="0.079" /><testcase classname="tests.test_diagnostico_visual.TestDiagnosticoPresencaVisualValidation" name="test_endpoint_requires_authentication" time="0.052" /><testcase classname="tests.test_diagnostico_visual.TestDiagnosticoPresencaVisualValidation" name="test_missing_instagram_handle" time="0.336" /><testcase classname="tests.test_diagnostico_visual.TestDiagnosticoPresencaVisualValidation" name="test_missing_link_bio" time="0.355" /><testcase classname="tests.test_diagnostico_visual.TestDiagnosticoPresencaVisualValidation" name="test_missing_instagram_image" time="0.321" /><testcase classname="tests.test_diagnostico_visual.TestDiagnosticoPresencaVisualValidation" name="test_missing_pagina_image" time="0.355" /><testcase classname="tests.test_diagnostico_visual.TestDiagnosticoPresencaVisualFunctionality" name="test_full_visual_analysis_with_response_structure" time="39.019" /><testcase classname="tests.test_diagnostico_visual.TestDiagnosticoPresencaVisualFunctionality" name="test_jpeg_images_accepted" time="37.852" /></testsuite></testsuites>